2023-03-07 09:36:58.9665|DEBUG|Microsoft.AspNetCore.Mvc.ModelBinding.ModelBinderFactory|Registered model binder providers, in the following order: Microsoft.AspNetCore.Mvc.ModelBinding.Binders.BinderTypeModelBinderProvider, Microsoft.AspNetCore.Mvc.ModelBinding.Binders.ServicesModelBinderProvider, Microsoft.AspNetCore.Mvc.ModelBinding.Binders.BodyModelBinderProvider, Microsoft.AspNetCore.Mvc.ModelBinding.Binders.HeaderModelBinderProvider, Microsoft.AspNetCore.Mvc.ModelBinding.Binders.FloatingPointTypeModelBinderProvider, Microsoft.AspNetCore.Mvc.ModelBinding.Binders.EnumTypeModelBinderProvider, Microsoft.AspNetCore.Mvc.ModelBinding.Binders.DateTimeModelBinderProvider, Microsoft.AspNetCore.Mvc.ModelBinding.Binders.SimpleTypeModelBinderProvider, Microsoft.AspNetCore.Mvc.ModelBinding.Binders.CancellationTokenModelBinderProvider, Microsoft.AspNetCore.Mvc.ModelBinding.Binders.ByteArrayModelBinderProvider, Microsoft.AspNetCore.Mvc.ModelBinding.Binders.FormFileModelBinderProvider, Microsoft.AspNetCore.Mvc.ModelBinding.Binders.FormCollectionModelBinderProvider, Microsoft.AspNetCore.Mvc.ModelBinding.Binders.KeyValuePairModelBinderProvider, Microsoft.AspNetCore.Mvc.ModelBinding.Binders.DictionaryModelBinderProvider, Microsoft.AspNetCore.Mvc.ModelBinding.Binders.ArrayModelBinderProvider, Microsoft.AspNetCore.Mvc.ModelBinding.Binders.CollectionModelBinderProvider, Microsoft.AspNetCore.Mvc.ModelBinding.Binders.ComplexObjectModelBinderProvider
2023-03-07 09:36:59.0341|DEBUG|Microsoft.Extensions.Hosting.Internal.Host|Hosting starting
2023-03-07 09:36:59.0493|INFO|Microsoft.AspNetCore.DataProtection.KeyManagement.XmlKeyManager|User profile is available. Using 'C:\Users\WINDOWS\AppData\Local\ASP.NET\DataProtection-Keys' as key repository and Windows DPAPI to encrypt keys at rest.
2023-03-07 09:36:59.0563|DEBUG|Microsoft.AspNetCore.DataProtection.Repositories.FileSystemXmlRepository|Reading data from file 'C:\Users\WINDOWS\AppData\Local\ASP.NET\DataProtection-Keys\key-b646e1e2-1590-4d41-b3d4-1fe207e1c96b.xml'.
2023-03-07 09:36:59.0714|DEBUG|Microsoft.AspNetCore.DataProtection.Repositories.FileSystemXmlRepository|Reading data from file 'C:\Users\WINDOWS\AppData\Local\ASP.NET\DataProtection-Keys\key-eb621d89-61c3-4ba7-b33a-0aac9192e0aa.xml'.
2023-03-07 09:36:59.0714|DEBUG|Microsoft.AspNetCore.DataProtection.KeyManagement.XmlKeyManager|Found key {b646e1e2-1590-4d41-b3d4-1fe207e1c96b}.
2023-03-07 09:36:59.0882|DEBUG|Microsoft.AspNetCore.DataProtection.KeyManagement.XmlKeyManager|Found key {eb621d89-61c3-4ba7-b33a-0aac9192e0aa}.
2023-03-07 09:36:59.0882|DEBUG|Microsoft.AspNetCore.DataProtection.KeyManagement.DefaultKeyResolver|Considering key {eb621d89-61c3-4ba7-b33a-0aac9192e0aa} with expiration date 2023-05-16 18:50:36Z as default key.
2023-03-07 09:36:59.0882|DEBUG|Microsoft.AspNetCore.DataProtection.TypeForwardingActivator|Forwarded activator type request from Microsoft.AspNetCore.DataProtection.XmlEncryption.DpapiXmlDecryptor, Microsoft.AspNetCore.DataProtection, Version=6.0.0.0, Culture=neutral, PublicKeyToken=adb9793829ddae60 to Microsoft.AspNetCore.DataProtection.XmlEncryption.DpapiXmlDecryptor, Microsoft.AspNetCore.DataProtection, Culture=neutral, PublicKeyToken=adb9793829ddae60
2023-03-07 09:36:59.0882|DEBUG|Microsoft.AspNetCore.DataProtection.XmlEncryption.DpapiXmlDecryptor|Decrypting secret element using Windows DPAPI.
2023-03-07 09:36:59.0882|DEBUG|Microsoft.AspNetCore.DataProtection.TypeForwardingActivator|Forwarded activator type request from Microsoft.AspNetCore.DataProtection.AuthenticatedEncryption.ConfigurationModel.AuthenticatedEncryptorDescriptorDeserializer, Microsoft.AspNetCore.DataProtection, Version=6.0.0.0, Culture=neutral, PublicKeyToken=adb9793829ddae60 to Microsoft.AspNetCore.DataProtection.AuthenticatedEncryption.ConfigurationModel.AuthenticatedEncryptorDescriptorDeserializer, Microsoft.AspNetCore.DataProtection, Culture=neutral, PublicKeyToken=adb9793829ddae60
2023-03-07 09:36:59.0882|DEBUG|Microsoft.AspNetCore.DataProtection.AuthenticatedEncryption.CngCbcAuthenticatedEncryptorFactory|Opening CNG algorithm 'AES' from provider '(null)' with chaining mode CBC.
2023-03-07 09:36:59.1024|DEBUG|Microsoft.AspNetCore.DataProtection.AuthenticatedEncryption.CngCbcAuthenticatedEncryptorFactory|Opening CNG algorithm 'SHA256' from provider '(null)' with HMAC.
2023-03-07 09:36:59.1024|DEBUG|Microsoft.AspNetCore.DataProtection.KeyManagement.KeyRingProvider|Using key {eb621d89-61c3-4ba7-b33a-0aac9192e0aa} as the default key.
2023-03-07 09:36:59.1024|DEBUG|Microsoft.AspNetCore.DataProtection.Internal.DataProtectionHostedService|Key ring with default key {eb621d89-61c3-4ba7-b33a-0aac9192e0aa} was loaded during application startup.
2023-03-07 09:36:59.1403|DEBUG|Microsoft.AspNetCore.Server.Kestrel.Core.KestrelServer|Using development certificate: CN=localhost (Thumbprint: 1DCED22F3B4CE77ACD21A09CC4826FD9EED0B266)
2023-03-07 09:36:59.1656|INFO|Microsoft.Hosting.Lifetime|Now listening on: https://localhost:7016
2023-03-07 09:36:59.1656|INFO|Microsoft.Hosting.Lifetime|Now listening on: http://localhost:5242
2023-03-07 09:36:59.1656|DEBUG|Microsoft.AspNetCore.Hosting.Diagnostics|Loaded hosting startup assembly practica2
2023-03-07 09:36:59.1656|INFO|Microsoft.Hosting.Lifetime|Application started. Press Ctrl+C to shut down.
2023-03-07 09:36:59.1656|INFO|Microsoft.Hosting.Lifetime|Hosting environment: Development
2023-03-07 09:36:59.1656|INFO|Microsoft.Hosting.Lifetime|Content root path: D:\2docuat\taller 2\practica2\practica2\
2023-03-07 09:36:59.1656|DEBUG|Microsoft.Extensions.Hosting.Internal.Host|Hosting started
2023-03-07 09:37:16.3034|INFO|Microsoft.Hosting.Lifetime|Application is shutting down...
2023-03-07 09:37:16.3056|DEBUG|Microsoft.Extensions.Hosting.Internal.Host|Hosting stopping
2023-03-07 09:37:16.3056|DEBUG|Microsoft.Extensions.Hosting.Internal.Host|Hosting stopped
2023-03-07 09:37:25.0185|DEBUG|Microsoft.AspNetCore.Mvc.ModelBinding.ModelBinderFactory|Registered model binder providers, in the following order: Microsoft.AspNetCore.Mvc.ModelBinding.Binders.BinderTypeModelBinderProvider, Microsoft.AspNetCore.Mvc.ModelBinding.Binders.ServicesModelBinderProvider, Microsoft.AspNetCore.Mvc.ModelBinding.Binders.BodyModelBinderProvider, Microsoft.AspNetCore.Mvc.ModelBinding.Binders.HeaderModelBinderProvider, Microsoft.AspNetCore.Mvc.ModelBinding.Binders.FloatingPointTypeModelBinderProvider, Microsoft.AspNetCore.Mvc.ModelBinding.Binders.EnumTypeModelBinderProvider, Microsoft.AspNetCore.Mvc.ModelBinding.Binders.DateTimeModelBinderProvider, Microsoft.AspNetCore.Mvc.ModelBinding.Binders.SimpleTypeModelBinderProvider, Microsoft.AspNetCore.Mvc.ModelBinding.Binders.CancellationTokenModelBinderProvider, Microsoft.AspNetCore.Mvc.ModelBinding.Binders.ByteArrayModelBinderProvider, Microsoft.AspNetCore.Mvc.ModelBinding.Binders.FormFileModelBinderProvider, Microsoft.AspNetCore.Mvc.ModelBinding.Binders.FormCollectionModelBinderProvider, Microsoft.AspNetCore.Mvc.ModelBinding.Binders.KeyValuePairModelBinderProvider, Microsoft.AspNetCore.Mvc.ModelBinding.Binders.DictionaryModelBinderProvider, Microsoft.AspNetCore.Mvc.ModelBinding.Binders.ArrayModelBinderProvider, Microsoft.AspNetCore.Mvc.ModelBinding.Binders.CollectionModelBinderProvider, Microsoft.AspNetCore.Mvc.ModelBinding.Binders.ComplexObjectModelBinderProvider
2023-03-07 09:37:25.0728|DEBUG|Microsoft.Extensions.Hosting.Internal.Host|Hosting starting
2023-03-07 09:37:25.0728|INFO|Microsoft.AspNetCore.DataProtection.KeyManagement.XmlKeyManager|User profile is available. Using 'C:\Users\WINDOWS\AppData\Local\ASP.NET\DataProtection-Keys' as key repository and Windows DPAPI to encrypt keys at rest.
2023-03-07 09:37:25.0959|DEBUG|Microsoft.AspNetCore.DataProtection.Repositories.FileSystemXmlRepository|Reading data from file 'C:\Users\WINDOWS\AppData\Local\ASP.NET\DataProtection-Keys\key-b646e1e2-1590-4d41-b3d4-1fe207e1c96b.xml'.
2023-03-07 09:37:25.0959|DEBUG|Microsoft.AspNetCore.DataProtection.Repositories.FileSystemXmlRepository|Reading data from file 'C:\Users\WINDOWS\AppData\Local\ASP.NET\DataProtection-Keys\key-eb621d89-61c3-4ba7-b33a-0aac9192e0aa.xml'.
2023-03-07 09:37:25.0959|DEBUG|Microsoft.AspNetCore.DataProtection.KeyManagement.XmlKeyManager|Found key {b646e1e2-1590-4d41-b3d4-1fe207e1c96b}.
2023-03-07 09:37:25.1034|DEBUG|Microsoft.AspNetCore.DataProtection.KeyManagement.XmlKeyManager|Found key {eb621d89-61c3-4ba7-b33a-0aac9192e0aa}.
2023-03-07 09:37:25.1034|DEBUG|Microsoft.AspNetCore.DataProtection.KeyManagement.DefaultKeyResolver|Considering key {eb621d89-61c3-4ba7-b33a-0aac9192e0aa} with expiration date 2023-05-16 18:50:36Z as default key.
2023-03-07 09:37:25.1034|DEBUG|Microsoft.AspNetCore.DataProtection.TypeForwardingActivator|Forwarded activator type request from Microsoft.AspNetCore.DataProtection.XmlEncryption.DpapiXmlDecryptor, Microsoft.AspNetCore.DataProtection, Version=6.0.0.0, Culture=neutral, PublicKeyToken=adb9793829ddae60 to Microsoft.AspNetCore.DataProtection.XmlEncryption.DpapiXmlDecryptor, Microsoft.AspNetCore.DataProtection, Culture=neutral, PublicKeyToken=adb9793829ddae60
2023-03-07 09:37:25.1034|DEBUG|Microsoft.AspNetCore.DataProtection.XmlEncryption.DpapiXmlDecryptor|Decrypting secret element using Windows DPAPI.
2023-03-07 09:37:25.1034|DEBUG|Microsoft.AspNetCore.DataProtection.TypeForwardingActivator|Forwarded activator type request from Microsoft.AspNetCore.DataProtection.AuthenticatedEncryption.ConfigurationModel.AuthenticatedEncryptorDescriptorDeserializer, Microsoft.AspNetCore.DataProtection, Version=6.0.0.0, Culture=neutral, PublicKeyToken=adb9793829ddae60 to Microsoft.AspNetCore.DataProtection.AuthenticatedEncryption.ConfigurationModel.AuthenticatedEncryptorDescriptorDeserializer, Microsoft.AspNetCore.DataProtection, Culture=neutral, PublicKeyToken=adb9793829ddae60
2023-03-07 09:37:25.1034|DEBUG|Microsoft.AspNetCore.DataProtection.AuthenticatedEncryption.CngCbcAuthenticatedEncryptorFactory|Opening CNG algorithm 'AES' from provider '(null)' with chaining mode CBC.
2023-03-07 09:37:25.1179|DEBUG|Microsoft.AspNetCore.DataProtection.AuthenticatedEncryption.CngCbcAuthenticatedEncryptorFactory|Opening CNG algorithm 'SHA256' from provider '(null)' with HMAC.
2023-03-07 09:37:25.1179|DEBUG|Microsoft.AspNetCore.DataProtection.KeyManagement.KeyRingProvider|Using key {eb621d89-61c3-4ba7-b33a-0aac9192e0aa} as the default key.
2023-03-07 09:37:25.1179|DEBUG|Microsoft.AspNetCore.DataProtection.Internal.DataProtectionHostedService|Key ring with default key {eb621d89-61c3-4ba7-b33a-0aac9192e0aa} was loaded during application startup.
2023-03-07 09:37:25.1586|DEBUG|Microsoft.AspNetCore.Server.Kestrel.Core.KestrelServer|Using development certificate: CN=localhost (Thumbprint: 1DCED22F3B4CE77ACD21A09CC4826FD9EED0B266)
2023-03-07 09:37:25.1833|INFO|Microsoft.Hosting.Lifetime|Now listening on: https://localhost:7016
2023-03-07 09:37:25.1833|INFO|Microsoft.Hosting.Lifetime|Now listening on: http://localhost:5242
2023-03-07 09:37:25.1833|DEBUG|Microsoft.AspNetCore.Hosting.Diagnostics|Loaded hosting startup assembly practica2
2023-03-07 09:37:25.1833|INFO|Microsoft.Hosting.Lifetime|Application started. Press Ctrl+C to shut down.
2023-03-07 09:37:25.1833|INFO|Microsoft.Hosting.Lifetime|Hosting environment: Development
2023-03-07 09:37:25.1833|INFO|Microsoft.Hosting.Lifetime|Content root path: D:\2docuat\taller 2\practica2\practica2\
2023-03-07 09:37:25.1833|DEBUG|Microsoft.Extensions.Hosting.Internal.Host|Hosting started
2023-03-07 09:37:49.2361|INFO|Microsoft.Hosting.Lifetime|Application is shutting down...
2023-03-07 09:37:49.2361|DEBUG|Microsoft.Extensions.Hosting.Internal.Host|Hosting stopping
2023-03-07 09:37:49.2453|DEBUG|Microsoft.Extensions.Hosting.Internal.Host|Hosting stopped
2023-03-07 09:38:46.8593|DEBUG|Microsoft.AspNetCore.Mvc.ModelBinding.ModelBinderFactory|Registered model binder providers, in the following order: Microsoft.AspNetCore.Mvc.ModelBinding.Binders.BinderTypeModelBinderProvider, Microsoft.AspNetCore.Mvc.ModelBinding.Binders.ServicesModelBinderProvider, Microsoft.AspNetCore.Mvc.ModelBinding.Binders.BodyModelBinderProvider, Microsoft.AspNetCore.Mvc.ModelBinding.Binders.HeaderModelBinderProvider, Microsoft.AspNetCore.Mvc.ModelBinding.Binders.FloatingPointTypeModelBinderProvider, Microsoft.AspNetCore.Mvc.ModelBinding.Binders.EnumTypeModelBinderProvider, Microsoft.AspNetCore.Mvc.ModelBinding.Binders.DateTimeModelBinderProvider, Microsoft.AspNetCore.Mvc.ModelBinding.Binders.SimpleTypeModelBinderProvider, Microsoft.AspNetCore.Mvc.ModelBinding.Binders.CancellationTokenModelBinderProvider, Microsoft.AspNetCore.Mvc.ModelBinding.Binders.ByteArrayModelBinderProvider, Microsoft.AspNetCore.Mvc.ModelBinding.Binders.FormFileModelBinderProvider, Microsoft.AspNetCore.Mvc.ModelBinding.Binders.FormCollectionModelBinderProvider, Microsoft.AspNetCore.Mvc.ModelBinding.Binders.KeyValuePairModelBinderProvider, Microsoft.AspNetCore.Mvc.ModelBinding.Binders.DictionaryModelBinderProvider, Microsoft.AspNetCore.Mvc.ModelBinding.Binders.ArrayModelBinderProvider, Microsoft.AspNetCore.Mvc.ModelBinding.Binders.CollectionModelBinderProvider, Microsoft.AspNetCore.Mvc.ModelBinding.Binders.ComplexObjectModelBinderProvider
2023-03-07 09:38:46.9195|DEBUG|Microsoft.Extensions.Hosting.Internal.Host|Hosting starting
2023-03-07 09:38:46.9341|INFO|Microsoft.AspNetCore.DataProtection.KeyManagement.XmlKeyManager|User profile is available. Using 'C:\Users\WINDOWS\AppData\Local\ASP.NET\DataProtection-Keys' as key repository and Windows DPAPI to encrypt keys at rest.
2023-03-07 09:38:46.9341|DEBUG|Microsoft.AspNetCore.DataProtection.Repositories.FileSystemXmlRepository|Reading data from file 'C:\Users\WINDOWS\AppData\Local\ASP.NET\DataProtection-Keys\key-b646e1e2-1590-4d41-b3d4-1fe207e1c96b.xml'.
2023-03-07 09:38:46.9341|DEBUG|Microsoft.AspNetCore.DataProtection.Repositories.FileSystemXmlRepository|Reading data from file 'C:\Users\WINDOWS\AppData\Local\ASP.NET\DataProtection-Keys\key-eb621d89-61c3-4ba7-b33a-0aac9192e0aa.xml'.
2023-03-07 09:38:46.9475|DEBUG|Microsoft.AspNetCore.DataProtection.KeyManagement.XmlKeyManager|Found key {b646e1e2-1590-4d41-b3d4-1fe207e1c96b}.
2023-03-07 09:38:46.9475|DEBUG|Microsoft.AspNetCore.DataProtection.KeyManagement.XmlKeyManager|Found key {eb621d89-61c3-4ba7-b33a-0aac9192e0aa}.
2023-03-07 09:38:46.9475|DEBUG|Microsoft.AspNetCore.DataProtection.KeyManagement.DefaultKeyResolver|Considering key {eb621d89-61c3-4ba7-b33a-0aac9192e0aa} with expiration date 2023-05-16 18:50:36Z as default key.
2023-03-07 09:38:46.9475|DEBUG|Microsoft.AspNetCore.DataProtection.TypeForwardingActivator|Forwarded activator type request from Microsoft.AspNetCore.DataProtection.XmlEncryption.DpapiXmlDecryptor, Microsoft.AspNetCore.DataProtection, Version=6.0.0.0, Culture=neutral, PublicKeyToken=adb9793829ddae60 to Microsoft.AspNetCore.DataProtection.XmlEncryption.DpapiXmlDecryptor, Microsoft.AspNetCore.DataProtection, Culture=neutral, PublicKeyToken=adb9793829ddae60
2023-03-07 09:38:46.9618|DEBUG|Microsoft.AspNetCore.DataProtection.XmlEncryption.DpapiXmlDecryptor|Decrypting secret element using Windows DPAPI.
2023-03-07 09:38:46.9618|DEBUG|Microsoft.AspNetCore.DataProtection.TypeForwardingActivator|Forwarded activator type request from Microsoft.AspNetCore.DataProtection.AuthenticatedEncryption.ConfigurationModel.AuthenticatedEncryptorDescriptorDeserializer, Microsoft.AspNetCore.DataProtection, Version=6.0.0.0, Culture=neutral, PublicKeyToken=adb9793829ddae60 to Microsoft.AspNetCore.DataProtection.AuthenticatedEncryption.ConfigurationModel.AuthenticatedEncryptorDescriptorDeserializer, Microsoft.AspNetCore.DataProtection, Culture=neutral, PublicKeyToken=adb9793829ddae60
2023-03-07 09:38:46.9618|DEBUG|Microsoft.AspNetCore.DataProtection.AuthenticatedEncryption.CngCbcAuthenticatedEncryptorFactory|Opening CNG algorithm 'AES' from provider '(null)' with chaining mode CBC.
2023-03-07 09:38:46.9618|DEBUG|Microsoft.AspNetCore.DataProtection.AuthenticatedEncryption.CngCbcAuthenticatedEncryptorFactory|Opening CNG algorithm 'SHA256' from provider '(null)' with HMAC.
2023-03-07 09:38:46.9618|DEBUG|Microsoft.AspNetCore.DataProtection.KeyManagement.KeyRingProvider|Using key {eb621d89-61c3-4ba7-b33a-0aac9192e0aa} as the default key.
2023-03-07 09:38:46.9618|DEBUG|Microsoft.AspNetCore.DataProtection.Internal.DataProtectionHostedService|Key ring with default key {eb621d89-61c3-4ba7-b33a-0aac9192e0aa} was loaded during application startup.
2023-03-07 09:38:47.0126|DEBUG|Microsoft.AspNetCore.Server.Kestrel.Core.KestrelServer|Using development certificate: CN=localhost (Thumbprint: 1DCED22F3B4CE77ACD21A09CC4826FD9EED0B266)
2023-03-07 09:38:47.0416|INFO|Microsoft.Hosting.Lifetime|Now listening on: https://localhost:7016
2023-03-07 09:38:47.0416|INFO|Microsoft.Hosting.Lifetime|Now listening on: http://localhost:5242
2023-03-07 09:38:47.0416|DEBUG|Microsoft.AspNetCore.Hosting.Diagnostics|Loaded hosting startup assembly practica2
2023-03-07 09:38:47.0416|INFO|Microsoft.Hosting.Lifetime|Application started. Press Ctrl+C to shut down.
2023-03-07 09:38:47.0416|INFO|Microsoft.Hosting.Lifetime|Hosting environment: Development
2023-03-07 09:38:47.0416|INFO|Microsoft.Hosting.Lifetime|Content root path: D:\2docuat\taller 2\practica2\practica2\
2023-03-07 09:38:47.0416|DEBUG|Microsoft.Extensions.Hosting.Internal.Host|Hosting started
